<?xml version="1.0" encoding="UTF-8"?>
<testsuite xmlns:xsi="http://www.w3.org/2001/XMLSchema-instance" xsi:noNamespaceSchemaLocation="https://maven.apache.org/surefire/maven-surefire-plugin/xsd/surefire-test-report-3.0.xsd" version="3.0" name="com.bronx.daoTest.HallRepositoryTest" time="3.922" tests="5" errors="4" skipped="0" failures="1">
  <properties>
    <property name="java.specification.version" value="17"/>
    <property name="sun.cpu.isalist" value="amd64"/>
    <property name="sun.jnu.encoding" value="Cp1251"/>
    <property name="java.class.path" value="C:\Files\Work\Maven\first-maven-project-master\target\test-classes;C:\Files\Work\Maven\first-maven-project-master\target\classes;C:\Users\Bronx\.m2\repository\org\springframework\spring-context\5.3.19\spring-context-5.3.19.jar;C:\Users\Bronx\.m2\repository\org\springframework\spring-aop\5.3.19\spring-aop-5.3.19.jar;C:\Users\Bronx\.m2\repository\org\springframework\spring-beans\5.3.19\spring-beans-5.3.19.jar;C:\Users\Bronx\.m2\repository\org\springframework\spring-expression\5.3.19\spring-expression-5.3.19.jar;C:\Users\Bronx\.m2\repository\org\springframework\spring-core\5.3.19\spring-core-5.3.19.jar;C:\Users\Bronx\.m2\repository\org\springframework\spring-jcl\5.3.19\spring-jcl-5.3.19.jar;C:\Users\Bronx\.m2\repository\org\hibernate\hibernate-core\5.6.8.Final\hibernate-core-5.6.8.Final.jar;C:\Users\Bronx\.m2\repository\org\jboss\logging\jboss-logging\3.4.3.Final\jboss-logging-3.4.3.Final.jar;C:\Users\Bronx\.m2\repository\javax\persistence\javax.persistence-api\2.2\javax.persistence-api-2.2.jar;C:\Users\Bronx\.m2\repository\net\bytebuddy\byte-buddy\1.12.9\byte-buddy-1.12.9.jar;C:\Users\Bronx\.m2\repository\antlr\antlr\2.7.7\antlr-2.7.7.jar;C:\Users\Bronx\.m2\repository\org\jboss\spec\javax\transaction\jboss-transaction-api_1.2_spec\1.1.1.Final\jboss-transaction-api_1.2_spec-1.1.1.Final.jar;C:\Users\Bronx\.m2\repository\org\jboss\jandex\2.4.2.Final\jandex-2.4.2.Final.jar;C:\Users\Bronx\.m2\repository\com\fasterxml\classmate\1.5.1\classmate-1.5.1.jar;C:\Users\Bronx\.m2\repository\javax\activation\javax.activation-api\1.2.0\javax.activation-api-1.2.0.jar;C:\Users\Bronx\.m2\repository\org\hibernate\common\hibernate-commons-annotations\5.1.2.Final\hibernate-commons-annotations-5.1.2.Final.jar;C:\Users\Bronx\.m2\repository\javax\xml\bind\jaxb-api\2.3.1\jaxb-api-2.3.1.jar;C:\Users\Bronx\.m2\repository\org\glassfish\jaxb\jaxb-runtime\2.3.1\jaxb-runtime-2.3.1.jar;C:\Users\Bronx\.m2\repository\org\glassfish\jaxb\txw2\2.3.1\txw2-2.3.1.jar;C:\Users\Bronx\.m2\repository\com\sun\istack\istack-commons-runtime\3.0.7\istack-commons-runtime-3.0.7.jar;C:\Users\Bronx\.m2\repository\org\jvnet\staxex\stax-ex\1.8\stax-ex-1.8.jar;C:\Users\Bronx\.m2\repository\com\sun\xml\fastinfoset\FastInfoset\1.2.15\FastInfoset-1.2.15.jar;C:\Users\Bronx\.m2\repository\org\postgresql\postgresql\42.3.3\postgresql-42.3.3.jar;C:\Users\Bronx\.m2\repository\org\checkerframework\checker-qual\3.5.0\checker-qual-3.5.0.jar;C:\Users\Bronx\.m2\repository\org\projectlombok\lombok\1.18.22\lombok-1.18.22.jar;C:\Users\Bronx\.m2\repository\org\junit\jupiter\junit-jupiter-api\5.8.2\junit-jupiter-api-5.8.2.jar;C:\Users\Bronx\.m2\repository\org\opentest4j\opentest4j\1.2.0\opentest4j-1.2.0.jar;C:\Users\Bronx\.m2\repository\org\junit\platform\junit-platform-commons\1.8.2\junit-platform-commons-1.8.2.jar;C:\Users\Bronx\.m2\repository\org\apiguardian\apiguardian-api\1.1.2\apiguardian-api-1.1.2.jar;C:\Users\Bronx\.m2\repository\org\testcontainers\postgresql\1.17.1\postgresql-1.17.1.jar;C:\Users\Bronx\.m2\repository\org\testcontainers\jdbc\1.17.1\jdbc-1.17.1.jar;C:\Users\Bronx\.m2\repository\org\testcontainers\database-commons\1.17.1\database-commons-1.17.1.jar;C:\Users\Bronx\.m2\repository\org\testcontainers\testcontainers\1.17.1\testcontainers-1.17.1.jar;C:\Users\Bronx\.m2\repository\junit\junit\4.13.2\junit-4.13.2.jar;C:\Users\Bronx\.m2\repository\org\hamcrest\hamcrest-core\1.3\hamcrest-core-1.3.jar;C:\Users\Bronx\.m2\repository\org\apache\commons\commons-compress\1.21\commons-compress-1.21.jar;C:\Users\Bronx\.m2\repository\org\rnorth\duct-tape\duct-tape\1.0.8\duct-tape-1.0.8.jar;C:\Users\Bronx\.m2\repository\org\jetbrains\annotations\17.0.0\annotations-17.0.0.jar;C:\Users\Bronx\.m2\repository\com\github\docker-java\docker-java-api\3.2.13\docker-java-api-3.2.13.jar;C:\Users\Bronx\.m2\repository\com\fasterxml\jackson\core\jackson-annotations\2.10.3\jackson-annotations-2.10.3.jar;C:\Users\Bronx\.m2\repository\com\github\docker-java\docker-java-transport-zerodep\3.2.13\docker-java-transport-zerodep-3.2.13.jar;C:\Users\Bronx\.m2\repository\com\github\docker-java\docker-java-transport\3.2.13\docker-java-transport-3.2.13.jar;C:\Users\Bronx\.m2\repository\net\java\dev\jna\jna\5.8.0\jna-5.8.0.jar;C:\Users\Bronx\.m2\repository\com\h2database\h2\2.1.212\h2-2.1.212.jar;C:\Users\Bronx\.m2\repository\com\querydsl\querydsl-apt\5.0.0\querydsl-apt-5.0.0.jar;C:\Users\Bronx\.m2\repository\com\querydsl\querydsl-codegen\5.0.0\querydsl-codegen-5.0.0.jar;C:\Users\Bronx\.m2\repository\com\querydsl\codegen-utils\5.0.0\codegen-utils-5.0.0.jar;C:\Users\Bronx\.m2\repository\org\eclipse\jdt\ecj\3.26.0\ecj-3.26.0.jar;C:\Users\Bronx\.m2\repository\io\github\classgraph\classgraph\4.8.108\classgraph-4.8.108.jar;C:\Users\Bronx\.m2\repository\com\querydsl\querydsl-jpa\5.0.0\querydsl-jpa-5.0.0.jar;C:\Users\Bronx\.m2\repository\com\querydsl\querydsl-core\5.0.0\querydsl-core-5.0.0.jar;C:\Users\Bronx\.m2\repository\com\mysema\commons\mysema-commons-lang\0.2.4\mysema-commons-lang-0.2.4.jar;C:\Users\Bronx\.m2\repository\org\slf4j\slf4j-simple\1.7.32\slf4j-simple-1.7.32.jar;C:\Users\Bronx\.m2\repository\org\slf4j\slf4j-api\1.7.32\slf4j-api-1.7.32.jar;C:\Users\Bronx\.m2\repository\javax\annotation\javax.annotation-api\1.3.2\javax.annotation-api-1.3.2.jar;C:\Users\Bronx\.m2\repository\org\assertj\assertj-core\3.22.0\assertj-core-3.22.0.jar;C:\Users\Bronx\.m2\repository\jakarta\annotation\jakarta.annotation-api\1.3.5\jakarta.annotation-api-1.3.5.jar;C:\Users\Bronx\.m2\repository\javax\inject\javax.inject\1\javax.inject-1.jar;"/>
    <property name="java.vm.vendor" value="Oracle Corporation"/>
    <property name="sun.arch.data.model" value="64"/>
    <property name="user.variant" value=""/>
    <property name="java.vendor.url" value="https://java.oracle.com/"/>
    <property name="user.timezone" value="Europe/Warsaw"/>
    <property name="os.name" value="Windows 10"/>
    <property name="java.vm.specification.version" value="17"/>
    <property name="sun.java.launcher" value="SUN_STANDARD"/>
    <property name="user.country" value="RU"/>
    <property name="sun.boot.library.path" value="C:\Program Files\Java\jdk-17.0.2\bin"/>
    <property name="sun.java.command" value="C:\Users\Bronx\AppData\Local\Temp\surefire10926452127913366864\surefirebooter47549069212897137.jar C:\Users\Bronx\AppData\Local\Temp\surefire10926452127913366864 2022-05-14T11-43-47_291-jvmRun1 surefire18058002345943643264tmp surefire_015462075728819187113tmp"/>
    <property name="jdk.debug" value="release"/>
    <property name="surefire.test.class.path" value="C:\Files\Work\Maven\first-maven-project-master\target\test-classes;C:\Files\Work\Maven\first-maven-project-master\target\classes;C:\Users\Bronx\.m2\repository\org\springframework\spring-context\5.3.19\spring-context-5.3.19.jar;C:\Users\Bronx\.m2\repository\org\springframework\spring-aop\5.3.19\spring-aop-5.3.19.jar;C:\Users\Bronx\.m2\repository\org\springframework\spring-beans\5.3.19\spring-beans-5.3.19.jar;C:\Users\Bronx\.m2\repository\org\springframework\spring-expression\5.3.19\spring-expression-5.3.19.jar;C:\Users\Bronx\.m2\repository\org\springframework\spring-core\5.3.19\spring-core-5.3.19.jar;C:\Users\Bronx\.m2\repository\org\springframework\spring-jcl\5.3.19\spring-jcl-5.3.19.jar;C:\Users\Bronx\.m2\repository\org\hibernate\hibernate-core\5.6.8.Final\hibernate-core-5.6.8.Final.jar;C:\Users\Bronx\.m2\repository\org\jboss\logging\jboss-logging\3.4.3.Final\jboss-logging-3.4.3.Final.jar;C:\Users\Bronx\.m2\repository\javax\persistence\javax.persistence-api\2.2\javax.persistence-api-2.2.jar;C:\Users\Bronx\.m2\repository\net\bytebuddy\byte-buddy\1.12.9\byte-buddy-1.12.9.jar;C:\Users\Bronx\.m2\repository\antlr\antlr\2.7.7\antlr-2.7.7.jar;C:\Users\Bronx\.m2\repository\org\jboss\spec\javax\transaction\jboss-transaction-api_1.2_spec\1.1.1.Final\jboss-transaction-api_1.2_spec-1.1.1.Final.jar;C:\Users\Bronx\.m2\repository\org\jboss\jandex\2.4.2.Final\jandex-2.4.2.Final.jar;C:\Users\Bronx\.m2\repository\com\fasterxml\classmate\1.5.1\classmate-1.5.1.jar;C:\Users\Bronx\.m2\repository\javax\activation\javax.activation-api\1.2.0\javax.activation-api-1.2.0.jar;C:\Users\Bronx\.m2\repository\org\hibernate\common\hibernate-commons-annotations\5.1.2.Final\hibernate-commons-annotations-5.1.2.Final.jar;C:\Users\Bronx\.m2\repository\javax\xml\bind\jaxb-api\2.3.1\jaxb-api-2.3.1.jar;C:\Users\Bronx\.m2\repository\org\glassfish\jaxb\jaxb-runtime\2.3.1\jaxb-runtime-2.3.1.jar;C:\Users\Bronx\.m2\repository\org\glassfish\jaxb\txw2\2.3.1\txw2-2.3.1.jar;C:\Users\Bronx\.m2\repository\com\sun\istack\istack-commons-runtime\3.0.7\istack-commons-runtime-3.0.7.jar;C:\Users\Bronx\.m2\repository\org\jvnet\staxex\stax-ex\1.8\stax-ex-1.8.jar;C:\Users\Bronx\.m2\repository\com\sun\xml\fastinfoset\FastInfoset\1.2.15\FastInfoset-1.2.15.jar;C:\Users\Bronx\.m2\repository\org\postgresql\postgresql\42.3.3\postgresql-42.3.3.jar;C:\Users\Bronx\.m2\repository\org\checkerframework\checker-qual\3.5.0\checker-qual-3.5.0.jar;C:\Users\Bronx\.m2\repository\org\projectlombok\lombok\1.18.22\lombok-1.18.22.jar;C:\Users\Bronx\.m2\repository\org\junit\jupiter\junit-jupiter-api\5.8.2\junit-jupiter-api-5.8.2.jar;C:\Users\Bronx\.m2\repository\org\opentest4j\opentest4j\1.2.0\opentest4j-1.2.0.jar;C:\Users\Bronx\.m2\repository\org\junit\platform\junit-platform-commons\1.8.2\junit-platform-commons-1.8.2.jar;C:\Users\Bronx\.m2\repository\org\apiguardian\apiguardian-api\1.1.2\apiguardian-api-1.1.2.jar;C:\Users\Bronx\.m2\repository\org\testcontainers\postgresql\1.17.1\postgresql-1.17.1.jar;C:\Users\Bronx\.m2\repository\org\testcontainers\jdbc\1.17.1\jdbc-1.17.1.jar;C:\Users\Bronx\.m2\repository\org\testcontainers\database-commons\1.17.1\database-commons-1.17.1.jar;C:\Users\Bronx\.m2\repository\org\testcontainers\testcontainers\1.17.1\testcontainers-1.17.1.jar;C:\Users\Bronx\.m2\repository\junit\junit\4.13.2\junit-4.13.2.jar;C:\Users\Bronx\.m2\repository\org\hamcrest\hamcrest-core\1.3\hamcrest-core-1.3.jar;C:\Users\Bronx\.m2\repository\org\apache\commons\commons-compress\1.21\commons-compress-1.21.jar;C:\Users\Bronx\.m2\repository\org\rnorth\duct-tape\duct-tape\1.0.8\duct-tape-1.0.8.jar;C:\Users\Bronx\.m2\repository\org\jetbrains\annotations\17.0.0\annotations-17.0.0.jar;C:\Users\Bronx\.m2\repository\com\github\docker-java\docker-java-api\3.2.13\docker-java-api-3.2.13.jar;C:\Users\Bronx\.m2\repository\com\fasterxml\jackson\core\jackson-annotations\2.10.3\jackson-annotations-2.10.3.jar;C:\Users\Bronx\.m2\repository\com\github\docker-java\docker-java-transport-zerodep\3.2.13\docker-java-transport-zerodep-3.2.13.jar;C:\Users\Bronx\.m2\repository\com\github\docker-java\docker-java-transport\3.2.13\docker-java-transport-3.2.13.jar;C:\Users\Bronx\.m2\repository\net\java\dev\jna\jna\5.8.0\jna-5.8.0.jar;C:\Users\Bronx\.m2\repository\com\h2database\h2\2.1.212\h2-2.1.212.jar;C:\Users\Bronx\.m2\repository\com\querydsl\querydsl-apt\5.0.0\querydsl-apt-5.0.0.jar;C:\Users\Bronx\.m2\repository\com\querydsl\querydsl-codegen\5.0.0\querydsl-codegen-5.0.0.jar;C:\Users\Bronx\.m2\repository\com\querydsl\codegen-utils\5.0.0\codegen-utils-5.0.0.jar;C:\Users\Bronx\.m2\repository\org\eclipse\jdt\ecj\3.26.0\ecj-3.26.0.jar;C:\Users\Bronx\.m2\repository\io\github\classgraph\classgraph\4.8.108\classgraph-4.8.108.jar;C:\Users\Bronx\.m2\repository\com\querydsl\querydsl-jpa\5.0.0\querydsl-jpa-5.0.0.jar;C:\Users\Bronx\.m2\repository\com\querydsl\querydsl-core\5.0.0\querydsl-core-5.0.0.jar;C:\Users\Bronx\.m2\repository\com\mysema\commons\mysema-commons-lang\0.2.4\mysema-commons-lang-0.2.4.jar;C:\Users\Bronx\.m2\repository\org\slf4j\slf4j-simple\1.7.32\slf4j-simple-1.7.32.jar;C:\Users\Bronx\.m2\repository\org\slf4j\slf4j-api\1.7.32\slf4j-api-1.7.32.jar;C:\Users\Bronx\.m2\repository\javax\annotation\javax.annotation-api\1.3.2\javax.annotation-api-1.3.2.jar;C:\Users\Bronx\.m2\repository\org\assertj\assertj-core\3.22.0\assertj-core-3.22.0.jar;C:\Users\Bronx\.m2\repository\jakarta\annotation\jakarta.annotation-api\1.3.5\jakarta.annotation-api-1.3.5.jar;C:\Users\Bronx\.m2\repository\javax\inject\javax.inject\1\javax.inject-1.jar;"/>
    <property name="sun.cpu.endian" value="little"/>
    <property name="user.home" value="C:\Users\Bronx"/>
    <property name="user.language" value="ru"/>
    <property name="java.specification.vendor" value="Oracle Corporation"/>
    <property name="java.version.date" value="2022-01-18"/>
    <property name="java.home" value="C:\Program Files\Java\jdk-17.0.2"/>
    <property name="file.separator" value="\"/>
    <property name="basedir" value="C:\Files\Work\Maven\first-maven-project-master"/>
    <property name="java.vm.compressedOopsMode" value="32-bit"/>
    <property name="line.separator" value="&#10;"/>
    <property name="java.vm.specification.vendor" value="Oracle Corporation"/>
    <property name="java.specification.name" value="Java Platform API Specification"/>
    <property name="surefire.real.class.path" value="C:\Users\Bronx\AppData\Local\Temp\surefire10926452127913366864\surefirebooter47549069212897137.jar"/>
    <property name="user.script" value=""/>
    <property name="sun.management.compiler" value="HotSpot 64-Bit Tiered Compilers"/>
    <property name="java.runtime.version" value="17.0.2+8-LTS-86"/>
    <property name="user.name" value="Bronx"/>
    <property name="path.separator" value=";"/>
    <property name="os.version" value="10.0"/>
    <property name="java.runtime.name" value="Java(TM) SE Runtime Environment"/>
    <property name="file.encoding" value="Cp1251"/>
    <property name="java.vm.name" value="Java HotSpot(TM) 64-Bit Server VM"/>
    <property name="localRepository" value="C:\Users\Bronx\.m2\repository"/>
    <property name="java.vendor.url.bug" value="https://bugreport.java.com/bugreport/"/>
    <property name="java.io.tmpdir" value="C:\Users\Bronx\AppData\Local\Temp\"/>
    <property name="idea.version" value="2021.1.3"/>
    <property name="java.version" value="17.0.2"/>
    <property name="user.dir" value="C:\Files\Work\Maven\first-maven-project-master"/>
    <property name="os.arch" value="amd64"/>
    <property name="java.vm.specification.name" value="Java Virtual Machine Specification"/>
    <property name="sun.os.patch.level" value=""/>
    <property name="native.encoding" value="Cp1251"/>
    <property name="java.library.path" value="C:\Program Files\Java\jdk-17.0.2\bin;C:\Windows\Sun\Java\bin;C:\Windows\system32;C:\Windows;C:\Program Files\Common Files\Oracle\Java\javapath;C:\Windows\system32;C:\Windows;C:\Windows\System32\Wbem;C:\Windows\System32\WindowsPowerShell\v1.0\;C:\Windows\System32\OpenSSH\;C:\Program Files\Git\cmd;C:\Program Files\apache-maven-3.8.5\bin;;C:\Program Files\Docker\Docker\resources\bin;C:\ProgramData\DockerDesktop\version-bin;C:\Users\Bronx\AppData\Local\Microsoft\WindowsApps;;C:\Program Files\JetBrains\IntelliJ IDEA 2021.1.1\bin;;C:\Program Files\JetBrains\PyCharm 2021.3.3\bin;;."/>
    <property name="java.vm.info" value="mixed mode, sharing"/>
    <property name="java.vendor" value="Oracle Corporation"/>
    <property name="java.vm.version" value="17.0.2+8-LTS-86"/>
    <property name="sun.io.unicode.encoding" value="UnicodeLittle"/>
    <property name="java.class.version" value="61.0"/>
  </properties>
  <testcase name="findAll" classname="com.bronx.daoTest.HallRepositoryTest" time="0.545">
    <failure type="java.lang.AssertionError"><![CDATA[java.lang.AssertionError: 

Expected size: 3 but was: 12 in:
[Hall(id=1, name=first galaxy hall, description=This hale have 40 seats, amountOfSeats=40, Events=[EventFilm(id=1, date=2022-06-25T13:24, freeSeats=40)]),
    Hall(id=2, name=second galaxy hall, description=This hale have 35 seats, amountOfSeats=35, Events=[EventFilm(id=2, date=2022-06-25T13:24, freeSeats=35)]),
    Hall(id=3, name=first helios hall, description=This hale have 50 seats, amountOfSeats=50, Events=[EventFilm(id=3, date=2022-06-25T13:24, freeSeats=50)]),
    Hall(id=4, name=first galaxy hall, description=This hale have 40 seats, amountOfSeats=40, Events=[EventFilm(id=4, date=2022-06-25T13:24, freeSeats=40)]),
    Hall(id=5, name=second galaxy hall, description=This hale have 35 seats, amountOfSeats=35, Events=[EventFilm(id=5, date=2022-06-25T13:24, freeSeats=35)]),
    Hall(id=6, name=first helios hall, description=This hale have 50 seats, amountOfSeats=50, Events=[EventFilm(id=6, date=2022-06-25T13:24, freeSeats=50)]),
    Hall(id=7, name=first galaxy hall, description=This hale have 40 seats, amountOfSeats=40, Events=[EventFilm(id=8, date=2022-06-25T13:24, freeSeats=40)]),
    Hall(id=8, name=second galaxy hall, description=This hale have 35 seats, amountOfSeats=35, Events=[EventFilm(id=9, date=2022-06-25T13:24, freeSeats=35)]),
    Hall(id=9, name=first helios hall, description=This hale have 50 seats, amountOfSeats=50, Events=[EventFilm(id=10, date=2022-06-25T13:24, freeSeats=50)]),
    Hall(id=10, name=first galaxy hall, description=This hale have 40 seats, amountOfSeats=40, Events=[EventFilm(id=11, date=2022-06-25T13:24, freeSeats=40)]),
    Hall(id=11, name=second galaxy hall, description=This hale have 35 seats, amountOfSeats=35, Events=[EventFilm(id=12, date=2022-06-25T13:24, freeSeats=35)]),
    Hall(id=12, name=first helios hall, description=This hale have 50 seats, amountOfSeats=50, Events=[EventFilm(id=13, date=2022-06-25T13:24, freeSeats=50)])]
	at com.bronx.daoTest.HallRepositoryTest.findAll(HallRepositoryTest.java:48)
]]></failure>
    <system-out><![CDATA[Hibernate: 
    insert 
    into
        public.users
        (id, password, role, username) 
    values
        (default, ?, ?, ?)
Hibernate: 
    insert 
    into
        public.users
        (id, password, role, username) 
    values
        (default, ?, ?, ?)
Hibernate: 
    insert 
    into
        public.users
        (id, password, role, username) 
    values
        (default, ?, ?, ?)
Hibernate: 
    insert 
    into
        cinema
        (id, description, name) 
    values
        (default, ?, ?)
Hibernate: 
    insert 
    into
        cinema
        (id, description, name) 
    values
        (default, ?, ?)
Hibernate: 
    insert 
    into
        film
        (id, description, duration, name, ticket_cost) 
    values
        (default, ?, ?, ?, ?)
Hibernate: 
    insert 
    into
        film
        (id, description, duration, name, ticket_cost) 
    values
        (default, ?, ?, ?, ?)
Hibernate: 
    insert 
    into
        film
        (id, description, duration, name, ticket_cost) 
    values
        (default, ?, ?, ?, ?)
Hibernate: 
    insert 
    into
        hall
        (id, amount_of_seats, cinema_id, description, name) 
    values
        (default, ?, ?, ?, ?)
Hibernate: 
    insert 
    into
        hall
        (id, amount_of_seats, cinema_id, description, name) 
    values
        (default, ?, ?, ?, ?)
Hibernate: 
    insert 
    into
        hall
        (id, amount_of_seats, cinema_id, description, name) 
    values
        (default, ?, ?, ?, ?)
Hibernate: 
    insert 
    into
        event_film
        (id, date, film_id, free_seats, hall_id) 
    values
        (default, ?, ?, ?, ?)
Hibernate: 
    insert 
    into
        event_film
        (id, date, film_id, free_seats, hall_id) 
    values
        (default, ?, ?, ?, ?)
Hibernate: 
    insert 
    into
        event_film
        (id, date, film_id, free_seats, hall_id) 
    values
        (default, ?, ?, ?, ?)
Hibernate: 
    insert 
    into
        ticket
        (id, event_film_id, ticket_number, user_id) 
    values
        (default, ?, ?, ?)
Hibernate: 
    insert 
    into
        ticket
        (id, event_film_id, ticket_number, user_id) 
    values
        (default, ?, ?, ?)
Hibernate: 
    insert 
    into
        ticket
        (id, event_film_id, ticket_number, user_id) 
    values
        (default, ?, ?, ?)
Hibernate: 
    select
        hall0_.id as id1_4_,
        hall0_.amount_of_seats as amount_o2_4_,
        hall0_.cinema_id as cinema_i5_4_,
        hall0_.description as descript3_4_,
        hall0_.name as name4_4_ 
    from
        hall hall0_
Hibernate: 
    select
        cinema0_.id as id1_1_0_,
        cinema0_.description as descript2_1_0_,
        cinema0_.name as name3_1_0_ 
    from
        cinema cinema0_ 
    where
        cinema0_.id=?
Hibernate: 
    select
        cinema0_.id as id1_1_0_,
        cinema0_.description as descript2_1_0_,
        cinema0_.name as name3_1_0_ 
    from
        cinema cinema0_ 
    where
        cinema0_.id=?
Hibernate: 
    select
        cinema0_.id as id1_1_0_,
        cinema0_.description as descript2_1_0_,
        cinema0_.name as name3_1_0_ 
    from
        cinema cinema0_ 
    where
        cinema0_.id=?
Hibernate: 
    select
        cinema0_.id as id1_1_0_,
        cinema0_.description as descript2_1_0_,
        cinema0_.name as name3_1_0_ 
    from
        cinema cinema0_ 
    where
        cinema0_.id=?
Hibernate: 
    select
        cinema0_.id as id1_1_0_,
        cinema0_.description as descript2_1_0_,
        cinema0_.name as name3_1_0_ 
    from
        cinema cinema0_ 
    where
        cinema0_.id=?
Hibernate: 
    select
        cinema0_.id as id1_1_0_,
        cinema0_.description as descript2_1_0_,
        cinema0_.name as name3_1_0_ 
    from
        cinema cinema0_ 
    where
        cinema0_.id=?
Hibernate: 
    select
        cinema0_.id as id1_1_0_,
        cinema0_.description as descript2_1_0_,
        cinema0_.name as name3_1_0_ 
    from
        cinema cinema0_ 
    where
        cinema0_.id=?
Hibernate: 
    select
        cinema0_.id as id1_1_0_,
        cinema0_.description as descript2_1_0_,
        cinema0_.name as name3_1_0_ 
    from
        cinema cinema0_ 
    where
        cinema0_.id=?
Hibernate: 
    select
        events0_.hall_id as hall_id5_2_0_,
        events0_.id as id1_2_0_,
        events0_.id as id1_2_1_,
        events0_.date as date2_2_1_,
        events0_.film_id as film_id4_2_1_,
        events0_.free_seats as free_sea3_2_1_,
        events0_.hall_id as hall_id5_2_1_,
        film1_.id as id1_3_2_,
        film1_.description as descript2_3_2_,
        film1_.duration as duration3_3_2_,
        film1_.name as name4_3_2_,
        film1_.ticket_cost as ticket_c5_3_2_ 
    from
        event_film events0_ 
    left outer join
        film film1_ 
            on events0_.film_id=film1_.id 
    where
        events0_.hall_id=?
Hibernate: 
    select
        events0_.hall_id as hall_id5_2_0_,
        events0_.id as id1_2_0_,
        events0_.id as id1_2_1_,
        events0_.date as date2_2_1_,
        events0_.film_id as film_id4_2_1_,
        events0_.free_seats as free_sea3_2_1_,
        events0_.hall_id as hall_id5_2_1_,
        film1_.id as id1_3_2_,
        film1_.description as descript2_3_2_,
        film1_.duration as duration3_3_2_,
        film1_.name as name4_3_2_,
        film1_.ticket_cost as ticket_c5_3_2_ 
    from
        event_film events0_ 
    left outer join
        film film1_ 
            on events0_.film_id=film1_.id 
    where
        events0_.hall_id=?
Hibernate: 
    select
        events0_.hall_id as hall_id5_2_0_,
        events0_.id as id1_2_0_,
        events0_.id as id1_2_1_,
        events0_.date as date2_2_1_,
        events0_.film_id as film_id4_2_1_,
        events0_.free_seats as free_sea3_2_1_,
        events0_.hall_id as hall_id5_2_1_,
        film1_.id as id1_3_2_,
        film1_.description as descript2_3_2_,
        film1_.duration as duration3_3_2_,
        film1_.name as name4_3_2_,
        film1_.ticket_cost as ticket_c5_3_2_ 
    from
        event_film events0_ 
    left outer join
        film film1_ 
            on events0_.film_id=film1_.id 
    where
        events0_.hall_id=?
Hibernate: 
    select
        events0_.hall_id as hall_id5_2_0_,
        events0_.id as id1_2_0_,
        events0_.id as id1_2_1_,
        events0_.date as date2_2_1_,
        events0_.film_id as film_id4_2_1_,
        events0_.free_seats as free_sea3_2_1_,
        events0_.hall_id as hall_id5_2_1_,
        film1_.id as id1_3_2_,
        film1_.description as descript2_3_2_,
        film1_.duration as duration3_3_2_,
        film1_.name as name4_3_2_,
        film1_.ticket_cost as ticket_c5_3_2_ 
    from
        event_film events0_ 
    left outer join
        film film1_ 
            on events0_.film_id=film1_.id 
    where
        events0_.hall_id=?
Hibernate: 
    select
        events0_.hall_id as hall_id5_2_0_,
        events0_.id as id1_2_0_,
        events0_.id as id1_2_1_,
        events0_.date as date2_2_1_,
        events0_.film_id as film_id4_2_1_,
        events0_.free_seats as free_sea3_2_1_,
        events0_.hall_id as hall_id5_2_1_,
        film1_.id as id1_3_2_,
        film1_.description as descript2_3_2_,
        film1_.duration as duration3_3_2_,
        film1_.name as name4_3_2_,
        film1_.ticket_cost as ticket_c5_3_2_ 
    from
        event_film events0_ 
    left outer join
        film film1_ 
            on events0_.film_id=film1_.id 
    where
        events0_.hall_id=?
Hibernate: 
    select
        events0_.hall_id as hall_id5_2_0_,
        events0_.id as id1_2_0_,
        events0_.id as id1_2_1_,
        events0_.date as date2_2_1_,
        events0_.film_id as film_id4_2_1_,
        events0_.free_seats as free_sea3_2_1_,
        events0_.hall_id as hall_id5_2_1_,
        film1_.id as id1_3_2_,
        film1_.description as descript2_3_2_,
        film1_.duration as duration3_3_2_,
        film1_.name as name4_3_2_,
        film1_.ticket_cost as ticket_c5_3_2_ 
    from
        event_film events0_ 
    left outer join
        film film1_ 
            on events0_.film_id=film1_.id 
    where
        events0_.hall_id=?
Hibernate: 
    select
        events0_.hall_id as hall_id5_2_0_,
        events0_.id as id1_2_0_,
        events0_.id as id1_2_1_,
        events0_.date as date2_2_1_,
        events0_.film_id as film_id4_2_1_,
        events0_.free_seats as free_sea3_2_1_,
        events0_.hall_id as hall_id5_2_1_,
        film1_.id as id1_3_2_,
        film1_.description as descript2_3_2_,
        film1_.duration as duration3_3_2_,
        film1_.name as name4_3_2_,
        film1_.ticket_cost as ticket_c5_3_2_ 
    from
        event_film events0_ 
    left outer join
        film film1_ 
            on events0_.film_id=film1_.id 
    where
        events0_.hall_id=?
Hibernate: 
    select
        events0_.hall_id as hall_id5_2_0_,
        events0_.id as id1_2_0_,
        events0_.id as id1_2_1_,
        events0_.date as date2_2_1_,
        events0_.film_id as film_id4_2_1_,
        events0_.free_seats as free_sea3_2_1_,
        events0_.hall_id as hall_id5_2_1_,
        film1_.id as id1_3_2_,
        film1_.description as descript2_3_2_,
        film1_.duration as duration3_3_2_,
        film1_.name as name4_3_2_,
        film1_.ticket_cost as ticket_c5_3_2_ 
    from
        event_film events0_ 
    left outer join
        film film1_ 
            on events0_.film_id=film1_.id 
    where
        events0_.hall_id=?
Hibernate: 
    select
        events0_.hall_id as hall_id5_2_0_,
        events0_.id as id1_2_0_,
        events0_.id as id1_2_1_,
        events0_.date as date2_2_1_,
        events0_.film_id as film_id4_2_1_,
        events0_.free_seats as free_sea3_2_1_,
        events0_.hall_id as hall_id5_2_1_,
        film1_.id as id1_3_2_,
        film1_.description as descript2_3_2_,
        film1_.duration as duration3_3_2_,
        film1_.name as name4_3_2_,
        film1_.ticket_cost as ticket_c5_3_2_ 
    from
        event_film events0_ 
    left outer join
        film film1_ 
            on events0_.film_id=film1_.id 
    where
        events0_.hall_id=?
Hibernate: 
    select
        events0_.hall_id as hall_id5_2_0_,
        events0_.id as id1_2_0_,
        events0_.id as id1_2_1_,
        events0_.date as date2_2_1_,
        events0_.film_id as film_id4_2_1_,
        events0_.free_seats as free_sea3_2_1_,
        events0_.hall_id as hall_id5_2_1_,
        film1_.id as id1_3_2_,
        film1_.description as descript2_3_2_,
        film1_.duration as duration3_3_2_,
        film1_.name as name4_3_2_,
        film1_.ticket_cost as ticket_c5_3_2_ 
    from
        event_film events0_ 
    left outer join
        film film1_ 
            on events0_.film_id=film1_.id 
    where
        events0_.hall_id=?
Hibernate: 
    select
        events0_.hall_id as hall_id5_2_0_,
        events0_.id as id1_2_0_,
        events0_.id as id1_2_1_,
        events0_.date as date2_2_1_,
        events0_.film_id as film_id4_2_1_,
        events0_.free_seats as free_sea3_2_1_,
        events0_.hall_id as hall_id5_2_1_,
        film1_.id as id1_3_2_,
        film1_.description as descript2_3_2_,
        film1_.duration as duration3_3_2_,
        film1_.name as name4_3_2_,
        film1_.ticket_cost as ticket_c5_3_2_ 
    from
        event_film events0_ 
    left outer join
        film film1_ 
            on events0_.film_id=film1_.id 
    where
        events0_.hall_id=?
Hibernate: 
    select
        events0_.hall_id as hall_id5_2_0_,
        events0_.id as id1_2_0_,
        events0_.id as id1_2_1_,
        events0_.date as date2_2_1_,
        events0_.film_id as film_id4_2_1_,
        events0_.free_seats as free_sea3_2_1_,
        events0_.hall_id as hall_id5_2_1_,
        film1_.id as id1_3_2_,
        film1_.description as descript2_3_2_,
        film1_.duration as duration3_3_2_,
        film1_.name as name4_3_2_,
        film1_.ticket_cost as ticket_c5_3_2_ 
    from
        event_film events0_ 
    left outer join
        film film1_ 
            on events0_.film_id=film1_.id 
    where
        events0_.hall_id=?
]]></system-out>
    <system-err><![CDATA[мая 14, 2022 11:44:30 AM org.hibernate.engine.jdbc.connections.internal.DriverManagerConnectionProviderImpl configure
WARN: HHH10001002: Using Hibernate built-in connection pool (not for production use!)
мая 14, 2022 11:44:30 AM org.hibernate.engine.jdbc.connections.internal.DriverManagerConnectionProviderImpl buildCreator
INFO: HHH10001005: using driver [org.h2.Driver] at URL [jdbc:h2:mem:bronx_test_db]
мая 14, 2022 11:44:30 AM org.hibernate.engine.jdbc.connections.internal.DriverManagerConnectionProviderImpl buildCreator
INFO: HHH10001001: Connection properties: {password=****, user=}
мая 14, 2022 11:44:30 AM org.hibernate.engine.jdbc.connections.internal.DriverManagerConnectionProviderImpl buildCreator
INFO: HHH10001003: Autocommit mode: false
мая 14, 2022 11:44:30 AM org.hibernate.engine.jdbc.connections.internal.DriverManagerConnectionProviderImpl$PooledConnections <init>
INFO: HHH000115: Hibernate connection pool size: 20 (min=1)
мая 14, 2022 11:44:30 AM org.hibernate.dialect.Dialect <init>
INFO: HHH000400: Using dialect: org.hibernate.dialect.H2Dialect
мая 14, 2022 11:44:30 AM org.hibernate.resource.transaction.backend.jdbc.internal.DdlTransactionIsolatorNonJtaImpl getIsolatedConnection
INFO: HHH10001501: Connection obtained from JdbcConnectionAccess [org.hibernate.engine.jdbc.env.internal.JdbcEnvironmentInitiator$ConnectionProviderJdbcConnectionAccess@5ee3ca50] for (non-JTA) DDL execution was not in auto-commit mode; the Connection 'local transaction' will be committed and the Connection will be set into auto-commit mode.
мая 14, 2022 11:44:31 AM org.hibernate.engine.jdbc.connections.internal.DriverManagerConnectionProviderImpl configure
WARN: HHH10001002: Using Hibernate built-in connection pool (not for production use!)
мая 14, 2022 11:44:31 AM org.hibernate.engine.jdbc.connections.internal.DriverManagerConnectionProviderImpl buildCreator
INFO: HHH10001005: using driver [org.h2.Driver] at URL [jdbc:h2:mem:bronx_test_db]
мая 14, 2022 11:44:31 AM org.hibernate.engine.jdbc.connections.internal.DriverManagerConnectionProviderImpl buildCreator
INFO: HHH10001001: Connection properties: {password=****, user=}
мая 14, 2022 11:44:31 AM org.hibernate.engine.jdbc.connections.internal.DriverManagerConnectionProviderImpl buildCreator
INFO: HHH10001003: Autocommit mode: false
мая 14, 2022 11:44:31 AM org.hibernate.engine.jdbc.connections.internal.DriverManagerConnectionProviderImpl$PooledConnections <init>
INFO: HHH000115: Hibernate connection pool size: 20 (min=1)
мая 14, 2022 11:44:31 AM org.hibernate.dialect.Dialect <init>
INFO: HHH000400: Using dialect: org.hibernate.dialect.H2Dialect
мая 14, 2022 11:44:32 AM org.hibernate.resource.transaction.backend.jdbc.internal.DdlTransactionIsolatorNonJtaImpl getIsolatedConnection
INFO: HHH10001501: Connection obtained from JdbcConnectionAccess [org.hibernate.engine.jdbc.env.internal.JdbcEnvironmentInitiator$ConnectionProviderJdbcConnectionAccess@2165fcfa] for (non-JTA) DDL execution was not in auto-commit mode; the Connection 'local transaction' will be committed and the Connection will be set into auto-commit mode.
]]></system-err>
  </testcase>
  <testcase name="checkUpdateHallName" classname="com.bronx.daoTest.HallRepositoryTest" time="0.004">
    <error type="java.lang.reflect.UndeclaredThrowableException"><![CDATA[java.lang.reflect.UndeclaredThrowableException
	at com.bronx.daoTest.HallRepositoryTest.checkUpdateHallName(HallRepositoryTest.java:92)
Caused by: java.lang.reflect.InvocationTargetException
	at com.bronx.daoTest.HallRepositoryTest.checkUpdateHallName(HallRepositoryTest.java:92)
Caused by: java.lang.IllegalStateException: Transaction already active
	at com.bronx.daoTest.HallRepositoryTest.checkUpdateHallName(HallRepositoryTest.java:92)
]]></error>
  </testcase>
  <testcase name="findHallById" classname="com.bronx.daoTest.HallRepositoryTest" time="0.004">
    <error type="java.lang.reflect.UndeclaredThrowableException"><![CDATA[java.lang.reflect.UndeclaredThrowableException
	at com.bronx.daoTest.HallRepositoryTest.findHallById(HallRepositoryTest.java:59)
Caused by: java.lang.reflect.InvocationTargetException
	at com.bronx.daoTest.HallRepositoryTest.findHallById(HallRepositoryTest.java:59)
Caused by: java.lang.IllegalStateException: Transaction already active
	at com.bronx.daoTest.HallRepositoryTest.findHallById(HallRepositoryTest.java:59)
]]></error>
  </testcase>
  <testcase name="saveHallAndReturnWithId" classname="com.bronx.daoTest.HallRepositoryTest" time="0.007">
    <error type="java.lang.reflect.UndeclaredThrowableException"><![CDATA[java.lang.reflect.UndeclaredThrowableException
	at com.bronx.daoTest.HallRepositoryTest.saveHallAndReturnWithId(HallRepositoryTest.java:70)
Caused by: java.lang.reflect.InvocationTargetException
	at com.bronx.daoTest.HallRepositoryTest.saveHallAndReturnWithId(HallRepositoryTest.java:70)
Caused by: java.lang.IllegalStateException: Transaction already active
	at com.bronx.daoTest.HallRepositoryTest.saveHallAndReturnWithId(HallRepositoryTest.java:70)
]]></error>
  </testcase>
  <testcase name="deleteHall" classname="com.bronx.daoTest.HallRepositoryTest" time="0.005">
    <error type="java.lang.reflect.UndeclaredThrowableException"><![CDATA[java.lang.reflect.UndeclaredThrowableException
	at com.bronx.daoTest.HallRepositoryTest.deleteHall(HallRepositoryTest.java:82)
Caused by: java.lang.reflect.InvocationTargetException
	at com.bronx.daoTest.HallRepositoryTest.deleteHall(HallRepositoryTest.java:82)
Caused by: java.lang.IllegalStateException: Transaction already active
	at com.bronx.daoTest.HallRepositoryTest.deleteHall(HallRepositoryTest.java:82)
]]></error>
  </testcase>
</testsuite>